<?xml version="1.0" encoding="UTF-8"?>
<!-- Generated by org.testng.reporters.JUnitXMLReporter -->
<testsuite ignored="0" hostname="DESKTOP-STS6QSQ" failures="0" tests="3" name="Test" time="0.074" errors="0" timestamp="2021-05-30T16:24:29 IST">
  <testcase classname="Demo.Maven.SeleniumTest" name="selenium" time="0.007"/>
  <testcase classname="Demo.Maven.AppiumTest" name="Automation" time="0.001"/>
  <testcase classname="Demo.Maven.AppiumTest" name="Manual" time="0.0"/>
</testsuite> <!-- Test -->
