<?xml version="1.0" encoding="UTF-8"?>
<testng-results ignored="0" total="3" passed="3" failed="0" skipped="0">
  <reporter-output>
  </reporter-output>
  <suite started-at="2021-05-30T16:24:29 IST" name="Suite" finished-at="2021-05-30T16:24:29 IST" duration-ms="74">
    <groups>
    </groups>
    <test started-at="2021-05-30T16:24:29 IST" name="Test" finished-at="2021-05-30T16:24:29 IST" duration-ms="74">
      <class name="Demo.Maven.AppiumTest">
        <test-method signature="Automation()[pri:0, instance:Demo.Maven.AppiumTest@34f5090e]" started-at="2021-05-30T16:24:29 IST" name="Automation" finished-at="2021-05-30T16:24:29 IST" duration-ms="1" status="PASS">
          <reporter-output>
          </reporter-output>
        </test-method> <!-- Automation -->
        <test-method signature="Manual()[pri:0, instance:Demo.Maven.AppiumTest@34f5090e]" started-at="2021-05-30T16:24:29 IST" name="Manual" finished-at="2021-05-30T16:24:29 IST" duration-ms="0" status="PASS">
          <reporter-output>
          </reporter-output>
        </test-method> <!-- Manual -->
      </class> <!-- Demo.Maven.AppiumTest -->
      <class name="Demo.Maven.SeleniumTest">
        <test-method signature="selenium()[pri:0, instance:Demo.Maven.SeleniumTest@72cde7cc]" started-at="2021-05-30T16:24:29 IST" name="selenium" finished-at="2021-05-30T16:24:29 IST" duration-ms="7" status="PASS">
          <reporter-output>
          </reporter-output>
        </test-method> <!-- selenium -->
      </class> <!-- Demo.Maven.SeleniumTest -->
    </test> <!-- Test -->
  </suite> <!-- Suite -->
</testng-results>
